Arguments: 
  /Users/hugoklein/.nvm/versions/node/v13.7.0/bin/node /usr/local/Cellar/yarn/1.22.4/libexec/bin/yarn.js

PATH: 
  /Users/hugoklein/.nvm/versions/node/v13.7.0/bin:/usr/local/bin:/usr/bin:/bin:/usr/sbin:/sbin:/Library/Apple/usr/bin:/Users/hugoklein/development/flutter/bin

Yarn version: 
  1.22.4

Node version: 
  13.7.0

Platform: 
  darwin x64

Trace: 
  Error: https://registry.yarnpkg.com/@babel-cli: Request "https://registry.yarnpkg.com/@babel-cli" returned a 405
      at Request.params.callback [as _callback] (/usr/local/Cellar/yarn/1.22.4/libexec/lib/cli.js:66996:18)
      at Request.self.callback (/usr/local/Cellar/yarn/1.22.4/libexec/lib/cli.js:140748:22)
      at Request.emit (events.js:321:20)
      at Request.<anonymous> (/usr/local/Cellar/yarn/1.22.4/libexec/lib/cli.js:141720:10)
      at Request.emit (events.js:321:20)
      at IncomingMessage.<anonymous> (/usr/local/Cellar/yarn/1.22.4/libexec/lib/cli.js:141642:12)
      at Object.onceWrapper (events.js:427:28)
      at IncomingMessage.emit (events.js:333:22)
      at endReadableNT (_stream_readable.js:1201:12)
      at processTicksAndRejections (internal/process/task_queues.js:84:21)

npm manifest: 
  {
    "name": "red-tetris",
    "version": "0.0.1",
    "author": "Les maneles",
    "license": "MIT",
    "scripts": {
      "eslint": "eslint src",
      "client-dist": "NODE_ENV=production webpack --progress --colors",
      "client-dev": "webpack-dev-server --mode development --hot",
      "srv-dev": "DEBUG=tetris:* babel-watch -w src src/server/main.js",
      "srv-dist": "DEBUG=tetris:* babel src --out-dir dist",
      "test": "mocha --require babel-core/register --reporter spec",
      "coverage": "NODE_ENV=test nyc --include src --all -r text -r lcov -r text --require babel-core/register mocha "
    },
    "dependencies": {
      "@babel/plugin-transform-runtime": "^7.11.5",
      "@hot-loader/react-dom": "^16.13.0",
      "react": "^16.13.1",
      "react-dom": "^16.13.1",
      "react-hot-loader": "4.12.21",
      "socket.io": "^2.3.0",
      "core-js": "^3.6.5",
      "prop-types": "^15.7.2"
    },
    "devDependencies": {
      "@babel-cli": "^7.11.6",
      "@babel-core": "^7.11.6",
      "@babel-eslint": "^10.1.0",
      "@babel-preset-react": "^6.24.1",
      "babel-loader": "^8.1.0",
      "chai": "^4.2.0",
      "chai-as-promised": "^7.1.1",
      "chai-equal-jsx": "^1.0.9",
      "eslint": "^7.10.0",
      "eslint-plugin-babel": "^5.3.1",
      "eslint-plugin-react": "^7.21.3",
      "mocha": "^8.1.3",
      "nyc": "^15.1.0",
      "webpack": "^4.44.2",
      "webpack-dev-middleware": "^3.7.2",
      "webpack-dev-server": "3.11.0"
    },
    "nyc": {
      "exclude": [
        "build"
      ]
    }
  }

yarn manifest: 
  No manifest

Lockfile: 
  No lockfile
